<?xml version="1.0" encoding="UTF-8"?>
<testng-results ignored="0" total="6" passed="6" failed="0" skipped="0">
  <reporter-output>
  </reporter-output>
  <suite started-at="2024-07-30T15:49:00 ICT" name="Default suite" finished-at="2024-07-30T15:49:37 ICT" duration-ms="36942">
    <groups>
    </groups>
    <test started-at="2024-07-30T15:49:00 ICT" name="Default test" finished-at="2024-07-30T15:49:37 ICT" duration-ms="36942">
      <class name="fpoly.testSauce">
        <test-method is-config="true" signature="setup()[pri:0, instance:fpoly.testSauce@563f38c4]" started-at="2024-07-30T15:49:00 ICT" name="setup" finished-at="2024-07-30T15:49:03 ICT" duration-ms="3607" status="PASS">
          <reporter-output>
          </reporter-output>
        </test-method> <!-- setup -->
        <test-method signature="testCase1()[pri:0, instance:fpoly.testSauce@563f38c4]" started-at="2024-07-30T15:49:03 ICT" name="testCase1" finished-at="2024-07-30T15:49:04 ICT" duration-ms="264" status="PASS">
          <reporter-output>
          </reporter-output>
        </test-method> <!-- testCase1 -->
        <test-method is-config="true" signature="teardown()[pri:0, instance:fpoly.testSauce@563f38c4]" started-at="2024-07-30T15:49:04 ICT" name="teardown" finished-at="2024-07-30T15:49:06 ICT" duration-ms="2303" status="PASS">
          <reporter-output>
          </reporter-output>
        </test-method> <!-- teardown -->
        <test-method is-config="true" signature="setup()[pri:0, instance:fpoly.testSauce@563f38c4]" started-at="2024-07-30T15:49:06 ICT" name="setup" finished-at="2024-07-30T15:49:08 ICT" duration-ms="2318" status="PASS">
          <reporter-output>
          </reporter-output>
        </test-method> <!-- setup -->
        <test-method signature="testCase2()[pri:0, instance:fpoly.testSauce@563f38c4]" started-at="2024-07-30T15:49:08 ICT" name="testCase2" finished-at="2024-07-30T15:49:09 ICT" duration-ms="271" status="PASS">
          <reporter-output>
          </reporter-output>
        </test-method> <!-- testCase2 -->
        <test-method is-config="true" signature="teardown()[pri:0, instance:fpoly.testSauce@563f38c4]" started-at="2024-07-30T15:49:09 ICT" name="teardown" finished-at="2024-07-30T15:49:11 ICT" duration-ms="2229" status="PASS">
          <reporter-output>
          </reporter-output>
        </test-method> <!-- teardown -->
        <test-method is-config="true" signature="setup()[pri:0, instance:fpoly.testSauce@563f38c4]" started-at="2024-07-30T15:49:11 ICT" name="setup" finished-at="2024-07-30T15:49:13 ICT" duration-ms="2589" status="PASS">
          <reporter-output>
          </reporter-output>
        </test-method> <!-- setup -->
        <test-method signature="testCase3()[pri:0, instance:fpoly.testSauce@563f38c4]" started-at="2024-07-30T15:49:13 ICT" name="testCase3" finished-at="2024-07-30T15:49:14 ICT" duration-ms="248" status="PASS">
          <reporter-output>
          </reporter-output>
        </test-method> <!-- testCase3 -->
        <test-method is-config="true" signature="teardown()[pri:0, instance:fpoly.testSauce@563f38c4]" started-at="2024-07-30T15:49:14 ICT" name="teardown" finished-at="2024-07-30T15:49:16 ICT" duration-ms="2256" status="PASS">
          <reporter-output>
          </reporter-output>
        </test-method> <!-- teardown -->
        <test-method is-config="true" signature="setup()[pri:0, instance:fpoly.testSauce@563f38c4]" started-at="2024-07-30T15:49:16 ICT" name="setup" finished-at="2024-07-30T15:49:18 ICT" duration-ms="2216" status="PASS">
          <reporter-output>
          </reporter-output>
        </test-method> <!-- setup -->
        <test-method signature="testCase4()[pri:0, instance:fpoly.testSauce@563f38c4]" started-at="2024-07-30T15:49:18 ICT" name="testCase4" finished-at="2024-07-30T15:49:23 ICT" duration-ms="5309" status="PASS">
          <reporter-output>
          </reporter-output>
        </test-method> <!-- testCase4 -->
        <test-method is-config="true" signature="teardown()[pri:0, instance:fpoly.testSauce@563f38c4]" started-at="2024-07-30T15:49:23 ICT" name="teardown" finished-at="2024-07-30T15:49:26 ICT" duration-ms="2329" status="PASS">
          <reporter-output>
          </reporter-output>
        </test-method> <!-- teardown -->
        <test-method is-config="true" signature="setup()[pri:0, instance:fpoly.testSauce@563f38c4]" started-at="2024-07-30T15:49:26 ICT" name="setup" finished-at="2024-07-30T15:49:28 ICT" duration-ms="2678" status="PASS">
          <reporter-output>
          </reporter-output>
        </test-method> <!-- setup -->
        <test-method signature="testCase5()[pri:0, instance:fpoly.testSauce@563f38c4]" started-at="2024-07-30T15:49:28 ICT" name="testCase5" finished-at="2024-07-30T15:49:29 ICT" duration-ms="255" status="PASS">
          <reporter-output>
          </reporter-output>
        </test-method> <!-- testCase5 -->
        <test-method is-config="true" signature="teardown()[pri:0, instance:fpoly.testSauce@563f38c4]" started-at="2024-07-30T15:49:29 ICT" name="teardown" finished-at="2024-07-30T15:49:31 ICT" duration-ms="2272" status="PASS">
          <reporter-output>
          </reporter-output>
        </test-method> <!-- teardown -->
        <test-method is-config="true" signature="setup()[pri:0, instance:fpoly.testSauce@563f38c4]" started-at="2024-07-30T15:49:31 ICT" name="setup" finished-at="2024-07-30T15:49:34 ICT" duration-ms="3229" status="PASS">
          <reporter-output>
          </reporter-output>
        </test-method> <!-- setup -->
        <test-method signature="testCase6()[pri:0, instance:fpoly.testSauce@563f38c4]" started-at="2024-07-30T15:49:34 ICT" name="testCase6" finished-at="2024-07-30T15:49:34 ICT" duration-ms="252" status="PASS">
          <reporter-output>
          </reporter-output>
        </test-method> <!-- testCase6 -->
        <test-method is-config="true" signature="teardown()[pri:0, instance:fpoly.testSauce@563f38c4]" started-at="2024-07-30T15:49:34 ICT" name="teardown" finished-at="2024-07-30T15:49:37 ICT" duration-ms="2266" status="PASS">
          <reporter-output>
          </reporter-output>
        </test-method> <!-- teardown -->
      </class> <!-- fpoly.testSauce -->
    </test> <!-- Default test -->
  </suite> <!-- Default suite -->
</testng-results>
