<?xml version="1.0" encoding="UTF-8"?>
<testng-results ignored="0" total="1" passed="1" failed="0" skipped="0">
  <reporter-output>
  </reporter-output>
  <suite started-at="2024-07-18T12:24:29 ICT" name="Default suite" finished-at="2024-07-18T12:24:30 ICT" duration-ms="52">
    <groups>
    </groups>
    <test started-at="2024-07-18T12:24:29 ICT" name="Default test" finished-at="2024-07-18T12:24:30 ICT" duration-ms="52">
      <class name="lab4.bai2.lab4Test">
        <test-method signature="testCase1()[pri:0, instance:lab4.bai2.lab4Test@3527942a]" started-at="2024-07-18T12:24:30 ICT" name="testCase1" finished-at="2024-07-18T12:24:30 ICT" duration-ms="9" status="PASS">
          <reporter-output>
          </reporter-output>
        </test-method> <!-- testCase1 -->
      </class> <!-- lab4.bai2.lab4Test -->
    </test> <!-- Default test -->
  </suite> <!-- Default suite -->
</testng-results>
