<?xml version="1.0" encoding="UTF-8"?>
<testng-results ignored="0" total="3" passed="3" failed="0" skipped="0">
  <reporter-output>
  </reporter-output>
  <suite started-at="2024-07-30T14:49:20 ICT" name="Default suite" finished-at="2024-07-30T14:49:20 ICT" duration-ms="73">
    <groups>
    </groups>
    <test started-at="2024-07-30T14:49:20 ICT" name="Default test" finished-at="2024-07-30T14:49:20 ICT" duration-ms="73">
      <class name="lab6bai3.testNGPriorityExample">
        <test-method signature="registerAccount()[pri:0, instance:lab6bai3.testNGPriorityExample@6e6f2380]" started-at="2024-07-30T14:49:20 ICT" name="registerAccount" finished-at="2024-07-30T14:49:20 ICT" duration-ms="11" status="PASS">
          <reporter-output>
          </reporter-output>
        </test-method> <!-- registerAccount -->
        <test-method signature="login()[pri:1, instance:lab6bai3.testNGPriorityExample@6e6f2380]" started-at="2024-07-30T14:49:20 ICT" name="login" finished-at="2024-07-30T14:49:20 ICT" duration-ms="2" status="PASS">
          <reporter-output>
          </reporter-output>
        </test-method> <!-- login -->
        <test-method signature="sendEmail()[pri:2, instance:lab6bai3.testNGPriorityExample@6e6f2380]" started-at="2024-07-30T14:49:20 ICT" name="sendEmail" finished-at="2024-07-30T14:49:20 ICT" duration-ms="2" status="PASS">
          <reporter-output>
          </reporter-output>
        </test-method> <!-- sendEmail -->
      </class> <!-- lab6bai3.testNGPriorityExample -->
    </test> <!-- Default test -->
  </suite> <!-- Default suite -->
</testng-results>
