<?xml version="1.0" encoding="UTF-8"?>
<testng-results ignored="0" total="2" passed="2" failed="0" skipped="0">
  <reporter-output>
  </reporter-output>
  <suite started-at="2024-07-25T12:41:47 ICT" name="Suite" finished-at="2024-07-25T12:42:52 ICT" duration-ms="64577">
    <groups>
    </groups>
    <test started-at="2024-07-25T12:41:47 ICT" name="Test" finished-at="2024-07-25T12:42:52 ICT" duration-ms="64577">
      <class name="lab5bai1.ChormPoly">
        <test-method is-config="true" signature="setup()[pri:0, instance:lab5bai1.ChormPoly@272113c4]" started-at="2024-07-25T12:41:47 ICT" name="setup" finished-at="2024-07-25T12:41:49 ICT" duration-ms="1383" status="PASS">
          <reporter-output>
          </reporter-output>
        </test-method> <!-- setup -->
        <test-method signature="verifyHomepageTitle()[pri:0, instance:lab5bai1.ChormPoly@272113c4]" started-at="2024-07-25T12:41:49 ICT" name="verifyHomepageTitle" finished-at="2024-07-25T12:42:20 ICT" duration-ms="31782" status="PASS">
          <reporter-output>
          </reporter-output>
        </test-method> <!-- verifyHomepageTitle -->
        <test-method is-config="true" signature="teardown()[pri:0, instance:lab5bai1.ChormPoly@272113c4]" started-at="2024-07-25T12:42:20 ICT" name="teardown" finished-at="2024-07-25T12:42:20 ICT" duration-ms="123" status="PASS">
          <reporter-output>
          </reporter-output>
        </test-method> <!-- teardown -->
      </class> <!-- lab5bai1.ChormPoly -->
      <class name="lab5bai1.edgePoly">
        <test-method is-config="true" signature="setup()[pri:0, instance:lab5bai1.edgePoly@5a45133e]" started-at="2024-07-25T12:42:20 ICT" name="setup" finished-at="2024-07-25T12:42:23 ICT" duration-ms="2626" status="PASS">
          <reporter-output>
          </reporter-output>
        </test-method> <!-- setup -->
        <test-method signature="verifyHomepageTitle()[pri:0, instance:lab5bai1.edgePoly@5a45133e]" started-at="2024-07-25T12:42:23 ICT" name="verifyHomepageTitle" finished-at="2024-07-25T12:42:51 ICT" duration-ms="27428" status="PASS">
          <reporter-output>
          </reporter-output>
        </test-method> <!-- verifyHomepageTitle -->
        <test-method is-config="true" signature="teardown()[pri:0, instance:lab5bai1.edgePoly@5a45133e]" started-at="2024-07-25T12:42:51 ICT" name="teardown" finished-at="2024-07-25T12:42:52 ICT" duration-ms="1208" status="PASS">
          <reporter-output>
          </reporter-output>
        </test-method> <!-- teardown -->
      </class> <!-- lab5bai1.edgePoly -->
    </test> <!-- Test -->
  </suite> <!-- Suite -->
</testng-results>
