<?xml version="1.0" encoding="UTF-8"?>
<!-- Generated by org.testng.reporters.JUnitXMLReporter -->
<testsuite ignored="0" hostname="LAPTOP-OO0IA3A3" failures="1" tests="1" name="Test_Bai1" time="5.09" errors="0" timestamp="2024-08-10T12:42:26 ICT">
  <testcase classname="fpoly.Bai1" name="testCase1" time="1.371">
    <failure type="java.lang.AssertionError" message="URL hiện tại không chứa &amp;apos;thongtincanhan&amp;apos;. Đăng nhập không thành công. expected [true] but found [false]">
      <![CDATA[java.lang.AssertionError: URL hiện tại không chứa 'thongtincanhan'. Đăng nhập không thành công. expected [true] but found [false]
at fpoly.Bai1.testCase1(Bai1.java:50)
at java.base/java.util.ArrayList.forEach(ArrayList.java:1597)
... Removed 28 stack frames]]>
    </failure>
  </testcase> <!-- testCase1 -->
</testsuite> <!-- Test_Bai1 -->
