<?xml version="1.0" encoding="UTF-8"?>
<!-- Generated by org.testng.reporters.JUnitXMLReporter -->
<testsuite ignored="0" hostname="LAPTOP-OO0IA3A3" failures="0" tests="6" name="Default test" time="36.942" errors="0" timestamp="2024-07-30T15:49:37 ICT">
  <testcase classname="fpoly.testSauce" name="testCase1" time="0.264"/>
  <testcase classname="fpoly.testSauce" name="testCase2" time="0.271"/>
  <testcase classname="fpoly.testSauce" name="testCase3" time="0.248"/>
  <testcase classname="fpoly.testSauce" name="testCase4" time="5.309"/>
  <testcase classname="fpoly.testSauce" name="testCase5" time="0.255"/>
  <testcase classname="fpoly.testSauce" name="testCase6" time="0.252"/>
</testsuite> <!-- Default test -->
